Build started 12/1/2017 9:21:22 PM.
     1>Project "C:\Users\Ivan\Documents\ITESM\OpenCV\ProyVS2013\Demoagain\opencvProj\opencvProj\opencvProj.vcxproj" on node 2 (Build target(s)).
     1>ClCompile:
         C:\Program Files (x86)\Microsoft Visual Studio 12.0\VC\bin\CL.exe /c /I"C:\Users\Ivan\Documents\Code\build-3.0.0\install\x64\vc12\..\..\include" /ZI /nologo /W3 /WX- /sdl /Od /Oy- /D _MBCS /Gm /EHsc /RTC1 /MDd /GS /fp:precise /Zc:wchar_t /Zc:forScope /Fo"Debug\\" /Fd"Debug\vc120.pdb" /Gd /TP /analyze- /errorReport:prompt opencv_openimage.cpp
         opencv_openimage.cpp
       Link:
         C:\Program Files (x86)\Microsoft Visual Studio 12.0\VC\bin\link.exe /ERRORREPORT:PROMPT /OUT:"C:\Users\Ivan\Documents\ITESM\OpenCV\ProyVS2013\Demoagain\opencvProj\Debug\opencvProj.exe" /INCREMENTAL /NOLOGO /LIBPATH:"C:\Users\Ivan\Documents\Code\build-3.0.0\install\x64\vc12\lib" opencv_ts300d.lib opencv_world300d.lib kernel32.lib user32.lib gdi32.lib winspool.lib comdlg32.lib advapi32.lib shell32.lib ole32.lib oleaut32.lib uuid.lib odbc32.lib odbccp32.lib /MANIFEST /MANIFESTUAC:"level='asInvoker' uiAccess='false'" /manifest:embed /DEBUG /PDB:"C:\Users\Ivan\Documents\ITESM\OpenCV\ProyVS2013\Demoagain\opencvProj\Debug\opencvProj.pdb" /TLBID:1 /DYNAMICBASE /NXCOMPAT /IMPLIB:"C:\Users\Ivan\Documents\ITESM\OpenCV\ProyVS2013\Demoagain\opencvProj\Debug\opencvProj.lib" /MACHINE:X86 Debug\opencv_openimage.obj
     1>LINK : fatal error LNK1104: cannot open file 'opencv_world300d.lib'
     1>Done Building Project "C:\Users\Ivan\Documents\ITESM\OpenCV\ProyVS2013\Demoagain\opencvProj\opencvProj\opencvProj.vcxproj" (Build target(s)) -- FAILED.

Build FAILED.

Time Elapsed 00:00:01.68
